05:20:35   ========== Cancel Condition  ========== 
CancelFlag : False
, Edit ProductQuantity : 9999
, Edit ProductName : 2L OK Cider Peach PET,  2000ml
, Edit ProductNumber : 7571
, Edit ProductSize : 
, Edit ProductType : 8B
05:20:35   ========== Cancel Condition  ========== 
CancelFlag : False
, Edit ProductQuantity : 80
, Edit ProductName : 2L OK Cider Crisp Apple PET,  2000ml
, Edit ProductNumber : 3438
, Edit ProductSize : 
, Edit ProductType : 8B
05:20:35   ========== Cancel Condition  ========== 
CancelFlag : False
, Edit ProductQuantity : 99999
, Edit ProductName : Belgian Moon,  355ml
, Edit ProductNumber : 25021
, Edit ProductSize : 
, Edit ProductType : 12C
