04:42:27   ========== Cancel Condition  ========== 
CancelFlag : False, Edit ProductQuantity : 999, Edit ProductName : Bud Light Grapefruit,  355ml, Edit ProductNumber : 0, Edit ProductSize : , Edit ProductType : 12C05:15:53   ========== Cancel Condition  ========== 
CancelFlag : False
, Edit ProductQuantity : 66
, Edit ProductName : 2L OK Cider Gin Apple PET,  2000ml
, Edit ProductNumber : 28681
, Edit ProductSize : 
, Edit ProductType : 8B
05:16:27   ========== Cancel Condition  ========== 
CancelFlag : False
, Edit ProductQuantity : 1
, Edit ProductName : 2L OK Cider Peach PET,  2000ml
, Edit ProductNumber : 7571
, Edit ProductSize : 
, Edit ProductType : 8B
05:16:27   ========== Cancel Condition  ========== 
CancelFlag : False
, Edit ProductQuantity : 11
, Edit ProductName : 2L OK Cider Glacier Berry 7% PET,  2000ml
, Edit ProductNumber : 3431
, Edit ProductSize : 
, Edit ProductType : 8B
05:16:27   ========== Cancel Condition  ========== 
CancelFlag : False
, Edit ProductQuantity : 22
, Edit ProductName : 2L OK Cider Black Cherry PET,  2000ml
, Edit ProductNumber : 32366
, Edit ProductSize : 
, Edit ProductType : 8B
05:16:27   ========== Cancel Condition  ========== 
CancelFlag : False
, Edit ProductQuantity : 666
, Edit ProductName : 2L OK Cider Straw Rhubarb PET,  2000ml
, Edit ProductNumber : 32364
, Edit ProductSize : 
, Edit ProductType : 8B
05:18:49   ========== Cancel Condition  ========== 
CancelFlag : False
, Edit ProductQuantity : 555
, Edit ProductName : 2L OK Cider Peach PET,  2000ml
, Edit ProductNumber : 7571
, Edit ProductSize : 
, Edit ProductType : 8B
